[2020-05-18T11:15:36.487] [DEBUG] cheese - login => username:111111111,password:11111111111111111
[2020-05-18T11:15:36.496] [DEBUG] cheese - 111111111
[2020-05-18T11:15:36.543] [DEBUG] cheese - { inspect: [Function: inspect] }
[2020-05-18T11:15:36.550] [DEBUG] cheese - 查询失败
[2020-05-18T11:16:28.055] [DEBUG] cheese - login => username:111,password:111111
[2020-05-18T11:16:28.055] [DEBUG] cheese - 111
[2020-05-18T11:16:28.058] [DEBUG] cheese - { inspect: [Function: inspect] }
[2020-05-18T11:16:28.058] [DEBUG] cheese - 查询失败
[2020-05-18T11:17:09.297] [DEBUG] cheese - login => username:admin,password:123456
[2020-05-18T11:17:09.298] [DEBUG] cheese - admin
[2020-05-18T11:17:09.303] [DEBUG] cheese - { inspect: [Function: inspect] }
[2020-05-18T11:17:09.303] [DEBUG] cheese - 查询失败
[2020-05-18T11:17:54.274] [DEBUG] cheese - login => username:admin,password:123456
[2020-05-18T11:17:54.274] [DEBUG] cheese - admin
[2020-05-18T11:17:54.276] [DEBUG] cheese - { inspect: [Function: inspect] }
[2020-05-18T11:17:54.276] [DEBUG] cheese - 查询失败
[2020-05-18T11:18:11.474] [DEBUG] cheese - login => username:admin,password:123456
[2020-05-18T11:18:11.474] [DEBUG] cheese - admin
[2020-05-18T11:18:11.476] [DEBUG] cheese - { inspect: [Function: inspect] }
[2020-05-18T11:18:11.477] [DEBUG] cheese - 查询失败
[2020-05-18T11:24:36.833] [DEBUG] cheese - login => username:admin,password:123456
[2020-05-18T11:24:36.833] [DEBUG] cheese - admin
[2020-05-18T11:24:36.837] [DEBUG] cheese - { inspect: [Function: inspect] }
[2020-05-18T11:24:36.838] [DEBUG] cheese - 查询失败
[2020-05-18T11:24:54.191] [DEBUG] cheese - login => username:admin,password:123456
[2020-05-18T11:24:54.191] [DEBUG] cheese - admin
[2020-05-18T11:24:54.193] [DEBUG] cheese - { inspect: [Function: inspect] }
[2020-05-18T11:24:54.193] [DEBUG] cheese - 查询失败
[2020-05-18T11:25:15.929] [DEBUG] cheese - login => username:admin1,password:123456
[2020-05-18T11:25:15.930] [DEBUG] cheese - admin1
[2020-05-18T11:25:15.933] [DEBUG] cheese - { inspect: [Function: inspect] }
[2020-05-18T11:25:15.933] [DEBUG] cheese - 查询失败
[2020-05-18T11:25:19.646] [DEBUG] cheese - login => username:admin1,password:1234561111
[2020-05-18T11:25:19.646] [DEBUG] cheese - admin1
[2020-05-18T11:25:19.649] [DEBUG] cheese - { inspect: [Function: inspect] }
[2020-05-18T11:25:19.649] [DEBUG] cheese - 查询失败
[2020-05-18T11:25:21.134] [DEBUG] cheese - login => username:ad111,password:1234561111
[2020-05-18T11:25:21.134] [DEBUG] cheese - ad111
[2020-05-18T11:25:21.135] [DEBUG] cheese - { inspect: [Function: inspect] }
[2020-05-18T11:25:21.136] [DEBUG] cheese - 查询失败
[2020-05-18T11:25:50.624] [DEBUG] cheese - login => username:2222,password:123456
[2020-05-18T11:25:50.624] [DEBUG] cheese - 2222
[2020-05-18T11:25:50.626] [DEBUG] cheese - { inspect: [Function: inspect] }
[2020-05-18T11:25:50.626] [DEBUG] cheese - 查询失败
[2020-05-18T11:26:18.642] [DEBUG] cheese - login => username:222222,password:123456
[2020-05-18T11:26:18.642] [DEBUG] cheese - 222222
[2020-05-18T11:26:18.644] [DEBUG] cheese - { inspect: [Function: inspect] }
[2020-05-18T11:26:18.644] [DEBUG] cheese - 查询失败
[2020-05-18T11:26:32.215] [DEBUG] cheese - login => username:admin,password:123456
[2020-05-18T11:26:32.215] [DEBUG] cheese - admin
[2020-05-18T11:26:32.217] [DEBUG] cheese - { inspect: [Function: inspect] }
[2020-05-18T11:26:32.217] [DEBUG] cheese - 查询失败
[2020-05-18T11:26:36.151] [DEBUG] cheese - login => username:admin,password:123456
[2020-05-18T11:26:36.151] [DEBUG] cheese - admin
[2020-05-18T11:26:36.154] [DEBUG] cheese - { inspect: [Function: inspect] }
[2020-05-18T11:26:36.154] [DEBUG] cheese - 查询失败
[2020-05-18T11:27:02.215] [DEBUG] cheese - login => username:admin,password:123456
[2020-05-18T11:27:02.215] [DEBUG] cheese - admin
[2020-05-18T11:27:02.217] [DEBUG] cheese - { inspect: [Function: inspect] }
[2020-05-18T11:27:02.217] [DEBUG] cheese - 查询失败
[2020-05-18T11:27:09.372] [DEBUG] cheese - login => username:2222,password:22222222
[2020-05-18T11:27:09.372] [DEBUG] cheese - 2222
[2020-05-18T11:27:09.374] [DEBUG] cheese - { inspect: [Function: inspect] }
[2020-05-18T11:27:09.374] [DEBUG] cheese - 查询失败
[2020-05-18T11:27:15.393] [DEBUG] cheese - login => username:admin,password:123456
[2020-05-18T11:27:15.394] [DEBUG] cheese - admin
[2020-05-18T11:27:15.396] [DEBUG] cheese - { inspect: [Function: inspect] }
[2020-05-18T11:27:15.396] [DEBUG] cheese - 查询失败
[2020-05-18T11:41:33.603] [DEBUG] cheese - login => username:admin,password:123456
[2020-05-18T11:41:33.603] [DEBUG] cheese - admin
[2020-05-18T11:41:33.607] [DEBUG] cheese - { inspect: [Function: inspect] }
[2020-05-18T11:41:33.608] [DEBUG] cheese - 查询失败
[2020-05-18T12:08:22.939] [DEBUG] cheese - login => username:admin,password:123456
[2020-05-18T12:08:22.939] [DEBUG] cheese - admin
[2020-05-18T12:08:23.081] [DEBUG] cheese - { inspect: [Function: inspect] }
[2020-05-18T12:08:23.081] [DEBUG] cheese - 查询失败
[2020-05-18T12:09:10.295] [DEBUG] cheese - login => username:admin,password:123456
[2020-05-18T12:09:10.295] [DEBUG] cheese - admin
[2020-05-18T12:09:10.299] [DEBUG] cheese - { inspect: [Function: inspect] }
[2020-05-18T12:09:10.299] [DEBUG] cheese - 查询失败
[2020-05-18T12:09:11.034] [DEBUG] cheese - login => username:admin,password:123456
[2020-05-18T12:09:11.034] [DEBUG] cheese - admin
[2020-05-18T12:09:11.038] [DEBUG] cheese - { inspect: [Function: inspect] }
[2020-05-18T12:09:11.038] [DEBUG] cheese - 查询失败
[2020-05-18T12:09:11.219] [DEBUG] cheese - login => username:admin,password:123456
[2020-05-18T12:09:11.219] [DEBUG] cheese - admin
[2020-05-18T12:09:11.224] [DEBUG] cheese - { inspect: [Function: inspect] }
[2020-05-18T12:09:11.224] [DEBUG] cheese - 查询失败
[2020-05-18T12:09:11.402] [DEBUG] cheese - login => username:admin,password:123456
[2020-05-18T12:09:11.402] [DEBUG] cheese - admin
[2020-05-18T12:09:11.406] [DEBUG] cheese - { inspect: [Function: inspect] }
[2020-05-18T12:09:11.406] [DEBUG] cheese - 查询失败
[2020-05-18T12:09:11.571] [DEBUG] cheese - login => username:admin,password:123456
[2020-05-18T12:09:11.571] [DEBUG] cheese - admin
[2020-05-18T12:09:11.575] [DEBUG] cheese - { inspect: [Function: inspect] }
[2020-05-18T12:09:11.575] [DEBUG] cheese - 查询失败
[2020-05-18T12:09:11.745] [DEBUG] cheese - login => username:admin,password:123456
[2020-05-18T12:09:11.745] [DEBUG] cheese - admin
[2020-05-18T12:09:11.748] [DEBUG] cheese - { inspect: [Function: inspect] }
[2020-05-18T12:09:11.748] [DEBUG] cheese - 查询失败
[2020-05-18T12:09:11.922] [DEBUG] cheese - login => username:admin,password:123456
[2020-05-18T12:09:11.922] [DEBUG] cheese - admin
[2020-05-18T12:09:11.926] [DEBUG] cheese - { inspect: [Function: inspect] }
[2020-05-18T12:09:11.927] [DEBUG] cheese - 查询失败
[2020-05-18T12:09:12.106] [DEBUG] cheese - login => username:admin,password:123456
[2020-05-18T12:09:12.106] [DEBUG] cheese - admin
[2020-05-18T12:09:12.109] [DEBUG] cheese - { inspect: [Function: inspect] }
[2020-05-18T12:09:12.111] [DEBUG] cheese - 查询失败
[2020-05-18T12:09:12.265] [DEBUG] cheese - login => username:admin,password:123456
[2020-05-18T12:09:12.265] [DEBUG] cheese - admin
[2020-05-18T12:09:12.267] [DEBUG] cheese - { inspect: [Function: inspect] }
[2020-05-18T12:09:12.267] [DEBUG] cheese - 查询失败
[2020-05-18T12:09:22.285] [DEBUG] cheese - login => username:admin,password:123456
[2020-05-18T12:09:22.286] [DEBUG] cheese - admin
[2020-05-18T12:09:22.290] [DEBUG] cheese - { inspect: [Function: inspect] }
[2020-05-18T12:09:22.290] [DEBUG] cheese - 查询失败
[2020-05-18T12:19:01.276] [DEBUG] cheese - login => username:admin,password:123456
[2020-05-18T12:19:01.276] [DEBUG] cheese - admin
[2020-05-18T12:19:01.279] [DEBUG] cheese - { inspect: [Function: inspect] }
[2020-05-18T12:19:01.280] [DEBUG] cheese - 查询失败
[2020-05-18T14:01:53.283] [DEBUG] cheese - login => username:admin,password:123456
[2020-05-18T14:01:53.284] [DEBUG] cheese - admin
[2020-05-18T14:01:53.291] [DEBUG] cheese - { inspect: [Function: inspect] }
[2020-05-18T14:01:53.291] [DEBUG] cheese - 查询失败
[2020-05-18T14:01:55.120] [DEBUG] cheese - login => username:admin,password:123456
[2020-05-18T14:01:55.120] [DEBUG] cheese - admin
[2020-05-18T14:01:55.122] [DEBUG] cheese - { inspect: [Function: inspect] }
[2020-05-18T14:01:55.123] [DEBUG] cheese - 查询失败
[2020-05-22T20:19:08.892] [DEBUG] cheese - login => username:admin,password:123456
[2020-05-22T20:19:08.896] [DEBUG] cheese - admin
[2020-05-22T20:19:08.943] [DEBUG] cheese - null
[2020-05-22T20:19:08.944] [DEBUG] cheese - null
[2020-05-23T09:34:00.131] [DEBUG] cheese - login => username:admin,password:123456
[2020-05-23T09:34:00.134] [DEBUG] cheese - admin
[2020-05-23T09:34:00.177] [DEBUG] cheese - null
[2020-05-23T09:34:00.178] [DEBUG] cheese - null
[2020-05-26T09:35:22.595] [DEBUG] cheese - login => username:admin,password:123456
[2020-05-26T09:35:22.596] [DEBUG] cheese - admin
[2020-05-26T09:35:22.626] [DEBUG] cheese - null
[2020-05-26T09:35:22.627] [DEBUG] cheese - null
[2020-05-29T12:53:02.316] [DEBUG] cheese - login => username:admin,password:123456
[2020-05-29T12:53:02.319] [DEBUG] cheese - admin
[2020-05-29T12:53:02.370] [DEBUG] cheese - null
[2020-05-29T12:53:02.371] [DEBUG] cheese - null
[2020-05-29T13:14:39.347] [DEBUG] cheese - null
[2020-05-29T13:14:55.727] [DEBUG] cheese - null
[2020-05-29T13:16:42.720] [DEBUG] cheese - null
[2020-05-29T13:16:45.113] [DEBUG] cheese - null
[2020-05-29T13:16:47.166] [DEBUG] cheese - null
[2020-05-29T17:17:02.874] [DEBUG] cheese - login => username:admin,password:123456
[2020-05-29T17:17:02.875] [DEBUG] cheese - admin
[2020-05-29T17:17:02.891] [DEBUG] cheese - null
[2020-05-29T17:17:02.891] [DEBUG] cheese - null
[2020-05-30T09:13:53.608] [DEBUG] cheese - login => username:admin,password:123456
[2020-05-30T09:13:53.616] [DEBUG] cheese - admin
[2020-05-30T09:13:53.748] [DEBUG] cheese - null
[2020-05-30T09:13:53.754] [DEBUG] cheese - null
[2020-05-31T20:18:52.218] [DEBUG] cheese - login => username:admin,password:123456
[2020-05-31T20:18:52.219] [DEBUG] cheese - admin
[2020-05-31T20:18:52.259] [DEBUG] cheese - null
[2020-05-31T20:18:52.260] [DEBUG] cheese - null
[2020-05-31T20:19:09.599] [DEBUG] cheese - null
[2020-05-31T20:19:55.811] [DEBUG] cheese - null
[2020-05-31T21:58:04.281] [DEBUG] cheese - login => username:admin,password:123456
[2020-05-31T21:58:04.281] [DEBUG] cheese - admin
[2020-05-31T21:58:04.289] [DEBUG] cheese - null
[2020-05-31T21:58:04.289] [DEBUG] cheese - null
[2020-06-04T19:40:02.696] [DEBUG] cheese - login => username:admin,password:123456
[2020-06-04T19:40:02.702] [DEBUG] cheese - admin
[2020-06-04T19:40:02.802] [DEBUG] cheese - null
[2020-06-04T19:40:02.803] [DEBUG] cheese - null
[2020-06-06T13:53:56.710] [DEBUG] cheese - login => username:admin,password:123456
[2020-06-06T13:53:56.712] [DEBUG] cheese - admin
[2020-06-06T13:53:56.754] [DEBUG] cheese - null
[2020-06-06T13:53:56.757] [DEBUG] cheese - null
